<?xml version="1.0" encoding="UTF-8"?>
<!-- Generated by org.testng.reporters.JUnitReportReporter -->
<testsuite skipped="0" hostname="DESKTOP-4BO2VIC" name="testng.Login" tests="1" failures="0" timestamp="30 Jul 2019 11:09:02 GMT" time="0.002" errors="0">
  <testcase name="webLogin" time="0.002" classname="testng.Login"/>
</testsuite> <!-- testng.Login -->
