<?xml version="1.0" encoding="UTF-8"?>
<!-- Generated by org.testng.reporters.JUnitReportReporter -->
<testsuite skipped="1" hostname="DESKTOP-4BO2VIC" name="testng.KotakBankLogin" tests="9" failures="0" timestamp="30 Jul 2019 12:17:26 GMT" time="0.035" errors="0">
  <testcase name="selectNickName" time="0.006" classname="testng.KotakBankLogin"/>
  <testcase name="enterNickName" time="0.001" classname="testng.KotakBankLogin"/>
  <testcase name="accountStatement" time="0.012" classname="testng.KotakBankLogin"/>
  <testcase name="clickSecureLogin" time="0.006" classname="testng.KotakBankLogin"/>
  <testcase name="enterPassword" time="0.002" classname="testng.KotakBankLogin"/>
  <testcase name="clickLogin" time="0.002" classname="testng.KotakBankLogin"/>
  <testcase name="enterOTP" time="0.004" classname="testng.KotakBankLogin"/>
  <testcase name="webLogout" time="0.002" classname="testng.KotakBankLogin"/>
  <testcase name="accountSummary" classname="testng.KotakBankLogin">
    <skipped/>
  </testcase> <!-- accountSummary -->
</testsuite> <!-- testng.KotakBankLogin -->
