<?xml version="1.0" encoding="UTF-8"?>
<!-- Generated by org.testng.reporters.JUnitReportReporter -->
<testsuite skipped="0" hostname="DESKTOP-4BO2VIC" name="testng.BankLoginGetData" tests="8" failures="0" timestamp="30 Jul 2019 15:22:45 GMT" time="0.016" errors="0">
  <testcase name="clickLogin" time="0.001" classname="testng.BankLoginGetData"/>
  <testcase name="enterNickName" time="0.005" classname="testng.BankLoginGetData"/>
  <testcase name="webLogout" time="0.001" classname="testng.BankLoginGetData"/>
  <testcase name="enterNickName" time="0.002" classname="testng.BankLoginGetData"/>
  <testcase name="enterOTP" time="0.001" classname="testng.BankLoginGetData"/>
  <testcase name="enterNickName" time="0.002" classname="testng.BankLoginGetData"/>
  <testcase name="selectNickName" time="0.001" classname="testng.BankLoginGetData"/>
  <testcase name="clickSecureLogin" time="0.003" classname="testng.BankLoginGetData"/>
</testsuite> <!-- testng.BankLoginGetData -->
