<?xml version="1.0" encoding="UTF-8"?>
<!-- Generated by org.testng.reporters.JUnitReportReporter -->
<testsuite skipped="0" hostname="DESKTOP-4BO2VIC" name="testng.CreditCard" tests="1" failures="0" timestamp="30 Jul 2019 11:40:22 GMT" time="0.002" errors="0">
  <testcase name="process" time="0.002" classname="testng.CreditCard"/>
</testsuite> <!-- testng.CreditCard -->
