<?xml version="1.0" encoding="UTF-8"?>
<!-- Generated by org.testng.reporters.JUnitReportReporter -->
<testsuite skipped="2" hostname="DESKTOP-4BO2VIC" name="testngParameter.Login" tests="3" failures="0" timestamp="30 Jul 2019 16:29:41 GMT" time="0.007" errors="0">
  <testcase name="mobileLoginAndroid" time="0.007" classname="testngParameter.Login"/>
  <testcase name="riaLogin" classname="testngParameter.Login">
    <skipped/>
  </testcase> <!-- riaLogin -->
  <testcase name="webLogin" classname="testngParameter.Login">
    <skipped/>
  </testcase> <!-- webLogin -->
</testsuite> <!-- testngParameter.Login -->
