<?xml version="1.0" encoding="UTF-8"?>
<!-- Generated by org.testng.reporters.JUnitReportReporter -->
<testsuite skipped="1" hostname="DESKTOP-4BO2VIC" name="testng.KotakBankLoginParameter" tests="8" failures="0" timestamp="30 Jul 2019 14:50:23 GMT" time="0.022" errors="0">
  <testcase name="clickSecureLogin" time="0.003" classname="testng.KotakBankLoginParameter"/>
  <testcase name="clickLogin" time="0.001" classname="testng.KotakBankLoginParameter"/>
  <testcase name="accountStatement" time="0.010" classname="testng.KotakBankLoginParameter"/>
  <testcase name="webLogout" time="0.001" classname="testng.KotakBankLoginParameter"/>
  <testcase name="selectNickName" time="0.005" classname="testng.KotakBankLoginParameter"/>
  <testcase name="enterOTP" time="0.001" classname="testng.KotakBankLoginParameter"/>
  <testcase name="enterNickName" time="0.001" classname="testng.KotakBankLoginParameter"/>
  <testcase name="accountSummary" classname="testng.KotakBankLoginParameter">
    <skipped/>
  </testcase> <!-- accountSummary -->
</testsuite> <!-- testng.KotakBankLoginParameter -->
